* using log directory ‘/__w/jesmondjoggers/jesmondjoggers/check/jjshandicap.Rcheck’
* using R version 3.6.2 (2019-12-12)
* using platform: x86_64-pc-linux-gnu (64-bit)
* using session charset: UTF-8
* checking for file ‘jjshandicap/DESCRIPTION’ ... OK
* this is package ‘jjshandicap’ version ‘0.0.1’
* package encoding: UTF-8
* checking package namespace information ... OK
* checking package dependencies ... OK
* checking if this is a source package ... OK
* checking if there is a namespace ... OK
* checking for executable files ... OK
* checking for hidden files and directories ... OK
* checking for portable file names ... OK
* checking for sufficient/correct file permissions ... OK
* checking whether package ‘jjshandicap’ can be installed ... OK
* checking installed package size ... OK
* checking package directory ... OK
* checking DESCRIPTION meta-information ... NOTE
Malformed Description field: should contain one or more complete sentences.
Non-standard license specification:
  What license it uses
Standardizable: FALSE
* checking top-level files ... OK
* checking for left-over files ... OK
* checking index information ... OK
* checking package subdirectories ... OK
* checking R files for non-ASCII characters ... OK
* checking R files for syntax errors ... OK
* checking whether the package can be loaded ... OK
* checking whether the package can be loaded with stated dependencies ... OK
* checking whether the package can be unloaded cleanly ... OK
* checking whether the namespace can be loaded with stated dependencies ... OK
* checking whether the namespace can be unloaded cleanly ... OK
* checking loading without being on the library search path ... OK
* checking dependencies in R code ... WARNING
'::' or ':::' import not declared from: ‘fs’
Namespace in Imports field not imported from: ‘kableExtra’
  All declared Imports should be used.
* checking S3 generic/method consistency ... OK
* checking replacement functions ... OK
* checking foreign function calls ... OK
* checking R code for possible problems ... NOTE
calculate_handicaps: no visible binding for global variable ‘time_5k’
calculate_handicaps: no visible binding for global variable
  ‘expected_finish_time’
calculate_handicaps: no visible binding for global variable
  ‘handicap_time’
calculate_handicaps: no visible binding for global variable
  ‘handicap_time_rounded’
get_new_handicaps: no visible binding for global variable ‘median’
get_new_handicaps: no visible binding for global variable ‘first_name’
get_new_handicaps: no visible binding for global variable ‘second_name’
get_new_handicaps: no visible binding for global variable
  ‘running_time’
get_new_handicaps: no visible binding for global variable ‘time’
get_new_handicaps: no visible binding for global variable
  ‘new_handicap_raw’
get_new_handicaps: no visible binding for global variable
  ‘current_handicaps’
get_new_handicaps: no visible binding for global variable
  ‘new_handicap’
read_all_results: no visible binding for global variable ‘running_time’
read_all_results: no visible binding for global variable ‘gross_time’
Undefined global functions or variables:
  current_handicaps expected_finish_time first_name gross_time
  handicap_time handicap_time_rounded median new_handicap
  new_handicap_raw running_time second_name time time_5k
Consider adding
  importFrom("stats", "median", "time")
to your NAMESPACE file.
* checking Rd files ... NOTE
prepare_Rd: calculate_handicaps.Rd:17-19: Dropping empty section \value
prepare_Rd: get_new_handicaps.Rd:15-17: Dropping empty section \value
prepare_Rd: read_all_results.Rd:12-14: Dropping empty section \value
prepare_Rd: read_results.Rd:12-14: Dropping empty section \value
prepare_Rd: reigel_formula.Rd:16-18: Dropping empty section \value
prepare_Rd: round_to_handicap.Rd:14-16: Dropping empty section \value
* checking Rd metadata ... OK
* checking Rd cross-references ... OK
* checking for missing documentation entries ... OK
* checking for code/documentation mismatches ... OK
* checking Rd \usage sections ... OK
* checking Rd contents ... WARNING
Argument items with no description in Rd object 'get_new_handicaps':
  ‘all_results’

Argument items with no description in Rd object 'read_all_results':
  ‘directory’

Argument items with no description in Rd object 'read_results':
  ‘filename’

Argument items with no description in Rd object 'reigel_formula':
  ‘time1’ ‘distance1’ ‘distance2’

Argument items with no description in Rd object 'round_to_handicap':
  ‘new_handicap_time’ ‘current_handicaps’

* checking for unstated dependencies in examples ... OK
* checking examples ... NONE
* checking PDF version of manual ... OK
* DONE
Status: 2 WARNINGs, 3 NOTEs
